<?xml version="1.0" encoding="UTF-8"?>
<!--

    Licensed to Apereo under one or more contributor license
    agreements. See the NOTICE file distributed with this work
    for additional information regarding copyright ownership.
    Apereo licenses this file to you under the Apache License,
    Version 2.0 (the "License"); you may not use this file
    except in compliance with the License.  You may obtain a
    copy of the License at the following location:

      http://www.apache.org/licenses/LICENSE-2.0

    Unless required by applicable law or agreed to in writing,
    software distributed under the License is distributed on an
    "AS IS" BASIS, WITHOUT WARRANTIES OR CONDITIONS OF ANY
    KIND, either express or implied.  See the License for the
    specific language governing permissions and limitations
    under the License.

-->
<beans xmlns="http://www.springframework.org/schema/beans"
       xmlns:xsi="http://www.w3.org/2001/XMLSchema-instance"
       xmlns:c="http://www.springframework.org/schema/c"
       xmlns:p="http://www.springframework.org/schema/p"
       xsi:schemaLocation="http://www.springframework.org/schema/beans http://www.springframework.org/schema/beans/spring-beans.xsd">

    <bean id="radiusServer"
          class="org.jasig.cas.adaptors.radius.JRadiusServerImpl"
          c:protocol="EAP_MSCHAPv2"
          c:clientFactory-ref="radiusClientFactory" />

    <bean id="radiusClientFactory"
          class="org.jasig.cas.adaptors.radius.RadiusClientFactory"
          p:inetAddress="localhost"
          p:sharedSecret="fqhwhgads" />

    <bean id="radiusAuthenticationHandler"
          class="org.jasig.cas.adaptors.radius.authentication.handler.support.RadiusAuthenticationHandler">
      <property name="servers">
          <list>
              <ref bean="radiusServer" />
          </list>
      </property>
    </bean>
</beans>
